[ 50%] Built target main
[100%] Run main with Debug configuration
   Number of active cells: 8
   Total number of cells: 15
   Number of degrees of freedom: 9
Assembling System
Degrees of freedom per cell: 2
Quadrature points per cell: 1
0.1 è il JxW quà
-10 e -10 gradiente
0.5 e 0.5 funzione
0.1 è il JxW quà
-10 e 10 gradiente
0.5 e 0.5 funzione
0.1 è il JxW quà
10 e -10 gradiente
0.5 e 0.5 funzione
0.1 è il JxW quà
10 e 10 gradiente
0.5 e 0.5 funzione
0.1 è il JxW quà
-10 e -10 gradiente
0.5 e 0.5 funzione
0.1 è il JxW quà
-10 e 10 gradiente
0.5 e 0.5 funzione
0.1 è il JxW quà
10 e -10 gradiente
0.5 e 0.5 funzione
0.1 è il JxW quà
10 e 10 gradiente
0.5 e 0.5 funzione
0.1 è il JxW quà
-10 e -10 gradiente
0.5 e 0.5 funzione
0.1 è il JxW quà
-10 e 10 gradiente
0.5 e 0.5 funzione
0.1 è il JxW quà
10 e -10 gradiente
0.5 e 0.5 funzione
0.1 è il JxW quà
10 e 10 gradiente
0.5 e 0.5 funzione
0.1 è il JxW quà
-10 e -10 gradiente
0.5 e 0.5 funzione
0.1 è il JxW quà
-10 e 10 gradiente
0.5 e 0.5 funzione
0.1 è il JxW quà
10 e -10 gradiente
0.5 e 0.5 funzione
0.1 è il JxW quà
10 e 10 gradiente
0.5 e 0.5 funzione
0.1 è il JxW quà
-10 e -10 gradiente
0.5 e 0.5 funzione
0.1 è il JxW quà
-10 e 10 gradiente
0.5 e 0.5 funzione
0.1 è il JxW quà
10 e -10 gradiente
0.5 e 0.5 funzione
0.1 è il JxW quà
10 e 10 gradiente
0.5 e 0.5 funzione
0.1 è il JxW quà
-10 e -10 gradiente
0.5 e 0.5 funzione
0.1 è il JxW quà
-10 e 10 gradiente
0.5 e 0.5 funzione
0.1 è il JxW quà
10 e -10 gradiente
0.5 e 0.5 funzione
0.1 è il JxW quà
10 e 10 gradiente
0.5 e 0.5 funzione
0.1 è il JxW quà
-10 e -10 gradiente
0.5 e 0.5 funzione
0.1 è il JxW quà
-10 e 10 gradiente
0.5 e 0.5 funzione
0.1 è il JxW quà
10 e -10 gradiente
0.5 e 0.5 funzione
0.1 è il JxW quà
10 e 10 gradiente
0.5 e 0.5 funzione
0.1 è il JxW quà
-10 e -10 gradiente
0.5 e 0.5 funzione
0.1 è il JxW quà
-10 e 10 gradiente
0.5 e 0.5 funzione
0.1 è il JxW quà
10 e -10 gradiente
0.5 e 0.5 funzione
0.1 è il JxW quà
10 e 10 gradiente
0.5 e 0.5 funzione
Derivata Derivata:
 1.000e+01 -1.000e+01                                                                              
-1.000e+01  2.000e+01 -1.000e+01                                                                   
           -1.000e+01  2.000e+01 -1.000e+01                                                        
                      -1.000e+01  2.000e+01 -1.000e+01                                             
                                 -1.000e+01  2.000e+01 -1.000e+01                                  
                                            -1.000e+01  2.000e+01 -1.000e+01                       
                                                       -1.000e+01  2.000e+01 -1.000e+01            
                                                                  -1.000e+01  2.000e+01 -1.000e+01 
                                                                             -1.000e+01  1.000e+01 
Funzione Derivata:
-5.000e-01  5.000e-01                                                                              
-5.000e-01  0.000e+00  5.000e-01                                                                   
           -5.000e-01  0.000e+00  5.000e-01                                                        
                      -5.000e-01  0.000e+00  5.000e-01                                             
                                 -5.000e-01  0.000e+00  5.000e-01                                  
                                            -5.000e-01  0.000e+00  5.000e-01                       
                                                       -5.000e-01  0.000e+00  5.000e-01            
                                                                  -5.000e-01  0.000e+00  5.000e-01 
                                                                             -5.000e-01  5.000e-01 
Funzone Funzione:
 2.500e-02  2.500e-02                                                                              
 2.500e-02  5.000e-02  2.500e-02                                                                   
            2.500e-02  5.000e-02  2.500e-02                                                        
                       2.500e-02  5.000e-02  2.500e-02                                             
                                  2.500e-02  5.000e-02  2.500e-02                                  
                                             2.500e-02  5.000e-02  2.500e-02                       
                                                        2.500e-02  5.000e-02  2.500e-02            
                                                                   2.500e-02  5.000e-02  2.500e-02 
                                                                              2.500e-02  2.500e-02 
   Number of active cells: 8
   Total number of cells: 15
   Number of degrees of freedom: 9
Assembling System
Degrees of freedom per cell: 2
Quadrature points per cell: 2
0.05 è il JxW quà
-10 e -10 gradiente
0.788675 e 0.788675 funzione
0.05 è il JxW quà
-10 e 10 gradiente
0.788675 e 0.211325 funzione
0.05 è il JxW quà
10 e -10 gradiente
0.211325 e 0.788675 funzione
0.05 è il JxW quà
10 e 10 gradiente
0.211325 e 0.211325 funzione
0.05 è il JxW quà
-10 e -10 gradiente
0.211325 e 0.211325 funzione
0.05 è il JxW quà
-10 e 10 gradiente
0.211325 e 0.788675 funzione
0.05 è il JxW quà
10 e -10 gradiente
0.788675 e 0.211325 funzione
0.05 è il JxW quà
10 e 10 gradiente
0.788675 e 0.788675 funzione
0.05 è il JxW quà
-10 e -10 gradiente
0.788675 e 0.788675 funzione
0.05 è il JxW quà
-10 e 10 gradiente
0.788675 e 0.211325 funzione
0.05 è il JxW quà
10 e -10 gradiente
0.211325 e 0.788675 funzione
0.05 è il JxW quà
10 e 10 gradiente
0.211325 e 0.211325 funzione
0.05 è il JxW quà
-10 e -10 gradiente
0.211325 e 0.211325 funzione
0.05 è il JxW quà
-10 e 10 gradiente
0.211325 e 0.788675 funzione
0.05 è il JxW quà
10 e -10 gradiente
0.788675 e 0.211325 funzione
0.05 è il JxW quà
10 e 10 gradiente
0.788675 e 0.788675 funzione
0.05 è il JxW quà
-10 e -10 gradiente
0.788675 e 0.788675 funzione
0.05 è il JxW quà
-10 e 10 gradiente
0.788675 e 0.211325 funzione
0.05 è il JxW quà
10 e -10 gradiente
0.211325 e 0.788675 funzione
0.05 è il JxW quà
10 e 10 gradiente
0.211325 e 0.211325 funzione
0.05 è il JxW quà
-10 e -10 gradiente
0.211325 e 0.211325 funzione
0.05 è il JxW quà
-10 e 10 gradiente
0.211325 e 0.788675 funzione
0.05 è il JxW quà
10 e -10 gradiente
0.788675 e 0.211325 funzione
0.05 è il JxW quà
10 e 10 gradiente
0.788675 e 0.788675 funzione
0.05 è il JxW quà
-10 e -10 gradiente
0.788675 e 0.788675 funzione
0.05 è il JxW quà
-10 e 10 gradiente
0.788675 e 0.211325 funzione
0.05 è il JxW quà
10 e -10 gradiente
0.211325 e 0.788675 funzione
0.05 è il JxW quà
10 e 10 gradiente
0.211325 e 0.211325 funzione
0.05 è il JxW quà
-10 e -10 gradiente
0.211325 e 0.211325 funzione
0.05 è il JxW quà
-10 e 10 gradiente
0.211325 e 0.788675 funzione
0.05 è il JxW quà
10 e -10 gradiente
0.788675 e 0.211325 funzione
0.05 è il JxW quà
10 e 10 gradiente
0.788675 e 0.788675 funzione
0.05 è il JxW quà
-10 e -10 gradiente
0.788675 e 0.788675 funzione
0.05 è il JxW quà
-10 e 10 gradiente
0.788675 e 0.211325 funzione
0.05 è il JxW quà
10 e -10 gradiente
0.211325 e 0.788675 funzione
0.05 è il JxW quà
10 e 10 gradiente
0.211325 e 0.211325 funzione
0.05 è il JxW quà
-10 e -10 gradiente
0.211325 e 0.211325 funzione
0.05 è il JxW quà
-10 e 10 gradiente
0.211325 e 0.788675 funzione
0.05 è il JxW quà
10 e -10 gradiente
0.788675 e 0.211325 funzione
0.05 è il JxW quà
10 e 10 gradiente
0.788675 e 0.788675 funzione
0.05 è il JxW quà
-10 e -10 gradiente
0.788675 e 0.788675 funzione
0.05 è il JxW quà
-10 e 10 gradiente
0.788675 e 0.211325 funzione
0.05 è il JxW quà
10 e -10 gradiente
0.211325 e 0.788675 funzione
0.05 è il JxW quà
10 e 10 gradiente
0.211325 e 0.211325 funzione
0.05 è il JxW quà
-10 e -10 gradiente
0.211325 e 0.211325 funzione
0.05 è il JxW quà
-10 e 10 gradiente
0.211325 e 0.788675 funzione
0.05 è il JxW quà
10 e -10 gradiente
0.788675 e 0.211325 funzione
0.05 è il JxW quà
10 e 10 gradiente
0.788675 e 0.788675 funzione
0.05 è il JxW quà
-10 e -10 gradiente
0.788675 e 0.788675 funzione
0.05 è il JxW quà
-10 e 10 gradiente
0.788675 e 0.211325 funzione
0.05 è il JxW quà
10 e -10 gradiente
0.211325 e 0.788675 funzione
0.05 è il JxW quà
10 e 10 gradiente
0.211325 e 0.211325 funzione
0.05 è il JxW quà
-10 e -10 gradiente
0.211325 e 0.211325 funzione
0.05 è il JxW quà
-10 e 10 gradiente
0.211325 e 0.788675 funzione
0.05 è il JxW quà
10 e -10 gradiente
0.788675 e 0.211325 funzione
0.05 è il JxW quà
10 e 10 gradiente
0.788675 e 0.788675 funzione
0.05 è il JxW quà
-10 e -10 gradiente
0.788675 e 0.788675 funzione
0.05 è il JxW quà
-10 e 10 gradiente
0.788675 e 0.211325 funzione
0.05 è il JxW quà
10 e -10 gradiente
0.211325 e 0.788675 funzione
0.05 è il JxW quà
10 e 10 gradiente
0.211325 e 0.211325 funzione
0.05 è il JxW quà
-10 e -10 gradiente
0.211325 e 0.211325 funzione
0.05 è il JxW quà
-10 e 10 gradiente
0.211325 e 0.788675 funzione
0.05 è il JxW quà
10 e -10 gradiente
0.788675 e 0.211325 funzione
0.05 è il JxW quà
10 e 10 gradiente
0.788675 e 0.788675 funzione
Derivata Derivata:
 1.000e+01 -1.000e+01                                                                              
-1.000e+01  2.000e+01 -1.000e+01                                                                   
           -1.000e+01  2.000e+01 -1.000e+01                                                        
                      -1.000e+01  2.000e+01 -1.000e+01                                             
                                 -1.000e+01  2.000e+01 -1.000e+01                                  
                                            -1.000e+01  2.000e+01 -1.000e+01                       
                                                       -1.000e+01  2.000e+01 -1.000e+01            
                                                                  -1.000e+01  2.000e+01 -1.000e+01 
                                                                             -1.000e+01  1.000e+01 
Funzione Derivata:
-5.000e-01  5.000e-01                                                                              
-5.000e-01  0.000e+00  5.000e-01                                                                   
           -5.000e-01  0.000e+00  5.000e-01                                                        
                      -5.000e-01  0.000e+00  5.000e-01                                             
                                 -5.000e-01  0.000e+00  5.000e-01                                  
                                            -5.000e-01  0.000e+00  5.000e-01                       
                                                       -5.000e-01  0.000e+00  5.000e-01            
                                                                  -5.000e-01  0.000e+00  5.000e-01 
                                                                             -5.000e-01  5.000e-01 
Funzone Funzione:
 3.333e-02  1.667e-02                                                                              
 1.667e-02  6.667e-02  1.667e-02                                                                   
            1.667e-02  6.667e-02  1.667e-02                                                        
                       1.667e-02  6.667e-02  1.667e-02                                             
                                  1.667e-02  6.667e-02  1.667e-02                                  
                                             1.667e-02  6.667e-02  1.667e-02                       
                                                        1.667e-02  6.667e-02  1.667e-02            
                                                                   1.667e-02  6.667e-02  1.667e-02 
                                                                              1.667e-02  3.333e-02 
   Number of active cells: 8
   Total number of cells: 15
   Number of degrees of freedom: 9
Assembling System
Degrees of freedom per cell: 2
Quadrature points per cell: 3
0.0277778 è il JxW quà
-10 e -10 gradiente
0.887298 e 0.887298 funzione
0.0277778 è il JxW quà
-10 e 10 gradiente
0.887298 e 0.112702 funzione
0.0277778 è il JxW quà
10 e -10 gradiente
0.112702 e 0.887298 funzione
0.0277778 è il JxW quà
10 e 10 gradiente
0.112702 e 0.112702 funzione
0.0444444 è il JxW quà
-10 e -10 gradiente
0.5 e 0.5 funzione
0.0444444 è il JxW quà
-10 e 10 gradiente
0.5 e 0.5 funzione
0.0444444 è il JxW quà
10 e -10 gradiente
0.5 e 0.5 funzione
0.0444444 è il JxW quà
10 e 10 gradiente
0.5 e 0.5 funzione
0.0277778 è il JxW quà
-10 e -10 gradiente
0.112702 e 0.112702 funzione
0.0277778 è il JxW quà
-10 e 10 gradiente
0.112702 e 0.887298 funzione
0.0277778 è il JxW quà
10 e -10 gradiente
0.887298 e 0.112702 funzione
0.0277778 è il JxW quà
10 e 10 gradiente
0.887298 e 0.887298 funzione
0.0277778 è il JxW quà
-10 e -10 gradiente
0.887298 e 0.887298 funzione
0.0277778 è il JxW quà
-10 e 10 gradiente
0.887298 e 0.112702 funzione
0.0277778 è il JxW quà
10 e -10 gradiente
0.112702 e 0.887298 funzione
0.0277778 è il JxW quà
10 e 10 gradiente
0.112702 e 0.112702 funzione
0.0444444 è il JxW quà
-10 e -10 gradiente
0.5 e 0.5 funzione
0.0444444 è il JxW quà
-10 e 10 gradiente
0.5 e 0.5 funzione
0.0444444 è il JxW quà
10 e -10 gradiente
0.5 e 0.5 funzione
0.0444444 è il JxW quà
10 e 10 gradiente
0.5 e 0.5 funzione
0.0277778 è il JxW quà
-10 e -10 gradiente
0.112702 e 0.112702 funzione
0.0277778 è il JxW quà
-10 e 10 gradiente
0.112702 e 0.887298 funzione
0.0277778 è il JxW quà
10 e -10 gradiente
0.887298 e 0.112702 funzione
0.0277778 è il JxW quà
10 e 10 gradiente
0.887298 e 0.887298 funzione
0.0277778 è il JxW quà
-10 e -10 gradiente
0.887298 e 0.887298 funzione
0.0277778 è il JxW quà
-10 e 10 gradiente
0.887298 e 0.112702 funzione
0.0277778 è il JxW quà
10 e -10 gradiente
0.112702 e 0.887298 funzione
0.0277778 è il JxW quà
10 e 10 gradiente
0.112702 e 0.112702 funzione
0.0444444 è il JxW quà
-10 e -10 gradiente
0.5 e 0.5 funzione
0.0444444 è il JxW quà
-10 e 10 gradiente
0.5 e 0.5 funzione
0.0444444 è il JxW quà
10 e -10 gradiente
0.5 e 0.5 funzione
0.0444444 è il JxW quà
10 e 10 gradiente
0.5 e 0.5 funzione
0.0277778 è il JxW quà
-10 e -10 gradiente
0.112702 e 0.112702 funzione
0.0277778 è il JxW quà
-10 e 10 gradiente
0.112702 e 0.887298 funzione
0.0277778 è il JxW quà
10 e -10 gradiente
0.887298 e 0.112702 funzione
0.0277778 è il JxW quà
10 e 10 gradiente
0.887298 e 0.887298 funzione
0.0277778 è il JxW quà
-10 e -10 gradiente
0.887298 e 0.887298 funzione
0.0277778 è il JxW quà
-10 e 10 gradiente
0.887298 e 0.112702 funzione
0.0277778 è il JxW quà
10 e -10 gradiente
0.112702 e 0.887298 funzione
0.0277778 è il JxW quà
10 e 10 gradiente
0.112702 e 0.112702 funzione
0.0444444 è il JxW quà
-10 e -10 gradiente
0.5 e 0.5 funzione
0.0444444 è il JxW quà
-10 e 10 gradiente
0.5 e 0.5 funzione
0.0444444 è il JxW quà
10 e -10 gradiente
0.5 e 0.5 funzione
0.0444444 è il JxW quà
10 e 10 gradiente
0.5 e 0.5 funzione
0.0277778 è il JxW quà
-10 e -10 gradiente
0.112702 e 0.112702 funzione
0.0277778 è il JxW quà
-10 e 10 gradiente
0.112702 e 0.887298 funzione
0.0277778 è il JxW quà
10 e -10 gradiente
0.887298 e 0.112702 funzione
0.0277778 è il JxW quà
10 e 10 gradiente
0.887298 e 0.887298 funzione
0.0277778 è il JxW quà
-10 e -10 gradiente
0.887298 e 0.887298 funzione
0.0277778 è il JxW quà
-10 e 10 gradiente
0.887298 e 0.112702 funzione
0.0277778 è il JxW quà
10 e -10 gradiente
0.112702 e 0.887298 funzione
0.0277778 è il JxW quà
10 e 10 gradiente
0.112702 e 0.112702 funzione
0.0444444 è il JxW quà
-10 e -10 gradiente
0.5 e 0.5 funzione
0.0444444 è il JxW quà
-10 e 10 gradiente
0.5 e 0.5 funzione
0.0444444 è il JxW quà
10 e -10 gradiente
0.5 e 0.5 funzione
0.0444444 è il JxW quà
10 e 10 gradiente
0.5 e 0.5 funzione
0.0277778 è il JxW quà
-10 e -10 gradiente
0.112702 e 0.112702 funzione
0.0277778 è il JxW quà
-10 e 10 gradiente
0.112702 e 0.887298 funzione
0.0277778 è il JxW quà
10 e -10 gradiente
0.887298 e 0.112702 funzione
0.0277778 è il JxW quà
10 e 10 gradiente
0.887298 e 0.887298 funzione
0.0277778 è il JxW quà
-10 e -10 gradiente
0.887298 e 0.887298 funzione
0.0277778 è il JxW quà
-10 e 10 gradiente
0.887298 e 0.112702 funzione
0.0277778 è il JxW quà
10 e -10 gradiente
0.112702 e 0.887298 funzione
0.0277778 è il JxW quà
10 e 10 gradiente
0.112702 e 0.112702 funzione
0.0444444 è il JxW quà
-10 e -10 gradiente
0.5 e 0.5 funzione
0.0444444 è il JxW quà
-10 e 10 gradiente
0.5 e 0.5 funzione
0.0444444 è il JxW quà
10 e -10 gradiente
0.5 e 0.5 funzione
0.0444444 è il JxW quà
10 e 10 gradiente
0.5 e 0.5 funzione
0.0277778 è il JxW quà
-10 e -10 gradiente
0.112702 e 0.112702 funzione
0.0277778 è il JxW quà
-10 e 10 gradiente
0.112702 e 0.887298 funzione
0.0277778 è il JxW quà
10 e -10 gradiente
0.887298 e 0.112702 funzione
0.0277778 è il JxW quà
10 e 10 gradiente
0.887298 e 0.887298 funzione
0.0277778 è il JxW quà
-10 e -10 gradiente
0.887298 e 0.887298 funzione
0.0277778 è il JxW quà
-10 e 10 gradiente
0.887298 e 0.112702 funzione
0.0277778 è il JxW quà
10 e -10 gradiente
0.112702 e 0.887298 funzione
0.0277778 è il JxW quà
10 e 10 gradiente
0.112702 e 0.112702 funzione
0.0444444 è il JxW quà
-10 e -10 gradiente
0.5 e 0.5 funzione
0.0444444 è il JxW quà
-10 e 10 gradiente
0.5 e 0.5 funzione
0.0444444 è il JxW quà
10 e -10 gradiente
0.5 e 0.5 funzione
0.0444444 è il JxW quà
10 e 10 gradiente
0.5 e 0.5 funzione
0.0277778 è il JxW quà
-10 e -10 gradiente
0.112702 e 0.112702 funzione
0.0277778 è il JxW quà
-10 e 10 gradiente
0.112702 e 0.887298 funzione
0.0277778 è il JxW quà
10 e -10 gradiente
0.887298 e 0.112702 funzione
0.0277778 è il JxW quà
10 e 10 gradiente
0.887298 e 0.887298 funzione
0.0277778 è il JxW quà
-10 e -10 gradiente
0.887298 e 0.887298 funzione
0.0277778 è il JxW quà
-10 e 10 gradiente
0.887298 e 0.112702 funzione
0.0277778 è il JxW quà
10 e -10 gradiente
0.112702 e 0.887298 funzione
0.0277778 è il JxW quà
10 e 10 gradiente
0.112702 e 0.112702 funzione
0.0444444 è il JxW quà
-10 e -10 gradiente
0.5 e 0.5 funzione
0.0444444 è il JxW quà
-10 e 10 gradiente
0.5 e 0.5 funzione
0.0444444 è il JxW quà
10 e -10 gradiente
0.5 e 0.5 funzione
0.0444444 è il JxW quà
10 e 10 gradiente
0.5 e 0.5 funzione
0.0277778 è il JxW quà
-10 e -10 gradiente
0.112702 e 0.112702 funzione
0.0277778 è il JxW quà
-10 e 10 gradiente
0.112702 e 0.887298 funzione
0.0277778 è il JxW quà
10 e -10 gradiente
0.887298 e 0.112702 funzione
0.0277778 è il JxW quà
10 e 10 gradiente
0.887298 e 0.887298 funzione
Derivata Derivata:
 1.000e+01 -1.000e+01                                                                              
-1.000e+01  2.000e+01 -1.000e+01                                                                   
           -1.000e+01  2.000e+01 -1.000e+01                                                        
                      -1.000e+01  2.000e+01 -1.000e+01                                             
                                 -1.000e+01  2.000e+01 -1.000e+01                                  
                                            -1.000e+01  2.000e+01 -1.000e+01                       
                                                       -1.000e+01  2.000e+01 -1.000e+01            
                                                                  -1.000e+01  2.000e+01 -1.000e+01 
                                                                             -1.000e+01  1.000e+01 
Funzione Derivata:
-5.000e-01  5.000e-01                                                                              
-5.000e-01  0.000e+00  5.000e-01                                                                   
           -5.000e-01  0.000e+00  5.000e-01                                                        
                      -5.000e-01  0.000e+00  5.000e-01                                             
                                 -5.000e-01 -5.551e-17  5.000e-01                                  
                                            -5.000e-01 -5.551e-17  5.000e-01                       
                                                       -5.000e-01  0.000e+00  5.000e-01            
                                                                  -5.000e-01 -5.551e-17  5.000e-01 
                                                                             -5.000e-01  5.000e-01 
Funzone Funzione:
 3.333e-02  1.667e-02                                                                              
 1.667e-02  6.667e-02  1.667e-02                                                                   
            1.667e-02  6.667e-02  1.667e-02                                                        
                       1.667e-02  6.667e-02  1.667e-02                                             
                                  1.667e-02  6.667e-02  1.667e-02                                  
                                             1.667e-02  6.667e-02  1.667e-02                       
                                                        1.667e-02  6.667e-02  1.667e-02            
                                                                   1.667e-02  6.667e-02  1.667e-02 
                                                                              1.667e-02  3.333e-02 
[100%] Built target run
